[2017-12-24T21:53:59+00:00] 127.0.0.1 Mozilla/5.0 (X11; Ubuntu; Linux x86_64; rv:57.0) Gecko/20100101 Firefox/57.0
email: kakosi69@gmail.com
name: test
subject: test
message: test

[2017-12-24T21:56:46+00:00] 127.0.0.1 Mozilla/5.0 (X11; Ubuntu; Linux x86_64; rv:57.0) Gecko/20100101 Firefox/57.0
email: kakosi69@gmail.com
name: test
subject: test
message: test

[2017-12-27T19:29:09+00:00] 127.0.0.1 Mozilla/5.0 (X11; Ubuntu; Linux x86_64; rv:57.0) Gecko/20100101 Firefox/57.0
email: kakosi69@gmail.com
name: test
subject: test
message: test

[2017-12-27T19:30:02+00:00] 127.0.0.1 Mozilla/5.0 (X11; Ubuntu; Linux x86_64; rv:57.0) Gecko/20100101 Firefox/57.0
email: kakosi69@gmail.com
name: tst
subject: test
message: sada

[2017-12-27T19:32:14+00:00] 127.0.0.1 Mozilla/5.0 (Linux; Android 5.1.1; Nexus 6 Build/LYZ28E) AppleWebKit/537.36 (KHTML, like Gecko) Chrome/48.0.2564.23 Mobile Safari/537.36
email: kakosi69@gmail.com
name: test
subject: testtes
message: ttete

[2017-12-28T21:00:10+00:00] 109.237.45.110 Mozilla/5.0 (X11; Ubuntu; Linux x86_64; rv:57.0) Gecko/20100101 Firefox/57.0
email: kakosi69@gmail.com
name: test
subject: testtes
message: test

